This is pdfTeX, Version 3.1415926-2.5-1.40.14 (TeX Live 2013) (format=pdflatex 2013.7.4)  28 OCT 2014 16:24
entering extended mode
 restricted \write18 enabled.
 file:line:error style messages enabled.
 %&-line parsing enabled.
**RICON2014.tex
(./RICON2014.tex
LaTeX2e <2011/06/27>
Babel <3.9f> and hyphenation patterns for 78 languages loaded.
(/usr/local/texlive/2013/texmf-dist/tex/latex/beamer/beamer.cls
(/usr/local/texlive/2013/texmf-dist/tex/latex/beamer/beamerbasercs.sty
Package: beamerbasercs 2013/01/04 (rcs-revision 9a97a4eee358)
)
Document Class: beamer 2013/01/04 3.26 A class for typesetting presentations (r
cs-revision e81e0c94bcc6)
(/usr/local/texlive/2013/texmf-dist/tex/latex/beamer/beamerbasemodes.sty
Package: beamerbasemodes 2012/04/15 (rcs-revision cc6557182d97)
\beamer@tempbox=\box26
\beamer@tempcount=\count79
\c@beamerpauses=\count80

(/usr/local/texlive/2013/texmf-dist/tex/latex/beamer/beamerbasedecode.sty
Package: beamerbasedecode 2010/05/01 (rcs-revision efa082c6111d)
\beamer@slideinframe=\count81
\beamer@minimum=\count82
)
\beamer@commentbox=\box27
\beamer@modecount=\count83
)
(/usr/local/texlive/2013/texmf-dist/tex/generic/oberdiek/ifpdf.sty
Package: ifpdf 2011/01/30 v2.3 Provides the ifpdf switch (HO)
Package ifpdf Info: pdfTeX in PDF mode is detected.
)
\headheight=\dimen102
\headdp=\dimen103
\footheight=\dimen104
\sidebarheight=\dimen105
\beamer@tempdim=\dimen106
\beamer@finalheight=\dimen107
\beamer@animht=\dimen108
\beamer@animdp=\dimen109
\beamer@animwd=\dimen110
\beamer@leftmargin=\dimen111
\beamer@rightmargin=\dimen112
\beamer@leftsidebar=\dimen113
\beamer@rightsidebar=\dimen114
\beamer@boxsize=\dimen115
\beamer@vboxoffset=\dimen116
\beamer@descdefault=\dimen117
\beamer@descriptionwidth=\dimen118
\beamer@lastskip=\skip41
\beamer@areabox=\box28
\beamer@animcurrent=\box29
\beamer@animshowbox=\box30
\beamer@sectionbox=\box31
\beamer@logobox=\box32
\beamer@linebox=\box33
\beamer@sectioncount=\count84
\beamer@subsubsectionmax=\count85
\beamer@subsectionmax=\count86
\beamer@sectionmax=\count87
\beamer@totalheads=\count88
\beamer@headcounter=\count89
\beamer@partstartpage=\count90
\beamer@sectionstartpage=\count91
\beamer@subsectionstartpage=\count92
\beamer@animationtempa=\count93
\beamer@animationtempb=\count94
\beamer@xpos=\count95
\beamer@ypos=\count96
\beamer@showpartnumber=\count97
\beamer@currentsubsection=\count98
\beamer@coveringdepth=\count99
\beamer@sectionadjust=\count100
\beamer@tocsectionnumber=\count101

(/usr/local/texlive/2013/texmf-dist/tex/latex/beamer/beamerbaseoptions.sty
Package: beamerbaseoptions 2010/04/27 (rcs-revision 982469101dd6)

(/usr/local/texlive/2013/texmf-dist/tex/latex/graphics/keyval.sty
Package: keyval 1999/03/16 v1.13 key=value parser (DPC)
\KV@toks@=\toks14
))
\beamer@paperwidth=\skip42
\beamer@paperheight=\skip43

(/usr/local/texlive/2013/texmf-dist/tex/latex/geometry/geometry.sty
Package: geometry 2010/09/12 v5.6 Page Geometry

(/usr/local/texlive/2013/texmf-dist/tex/generic/oberdiek/ifvtex.sty
Package: ifvtex 2010/03/01 v1.5 Detect VTeX and its facilities (HO)
Package ifvtex Info: VTeX not detected.
)
(/usr/local/texlive/2013/texmf-dist/tex/generic/ifxetex/ifxetex.sty
Package: ifxetex 2010/09/12 v0.6 Provides ifxetex conditional
)
\Gm@cnth=\count102
\Gm@cntv=\count103
\c@Gm@tempcnt=\count104
\Gm@bindingoffset=\dimen119
\Gm@wd@mp=\dimen120
\Gm@odd@mp=\dimen121
\Gm@even@mp=\dimen122
\Gm@layoutwidth=\dimen123
\Gm@layoutheight=\dimen124
\Gm@layouthoffset=\dimen125
\Gm@layoutvoffset=\dimen126
\Gm@dimlist=\toks15
)
(/usr/local/texlive/2013/texmf-dist/tex/latex/base/size11.clo
File: size11.clo 2007/10/19 v1.4h Standard LaTeX file (size option)
)
(/usr/local/texlive/2013/texmf-dist/tex/latex/pgf/basiclayer/pgfcore.sty
(/usr/local/texlive/2013/texmf-dist/tex/latex/graphics/graphicx.sty
Package: graphicx 1999/02/16 v1.0f Enhanced LaTeX Graphics (DPC,SPQR)

(/usr/local/texlive/2013/texmf-dist/tex/latex/graphics/graphics.sty
Package: graphics 2009/02/05 v1.0o Standard LaTeX Graphics (DPC,SPQR)

(/usr/local/texlive/2013/texmf-dist/tex/latex/graphics/trig.sty
Package: trig 1999/03/16 v1.09 sin cos tan (DPC)
)
(/usr/local/texlive/2013/texmf-dist/tex/latex/latexconfig/graphics.cfg
File: graphics.cfg 2010/04/23 v1.9 graphics configuration of TeX Live
)
Package graphics Info: Driver file: pdftex.def on input line 91.

(/usr/local/texlive/2013/texmf-dist/tex/latex/pdftex-def/pdftex.def
File: pdftex.def 2011/05/27 v0.06d Graphics/color for pdfTeX

(/usr/local/texlive/2013/texmf-dist/tex/generic/oberdiek/infwarerr.sty
Package: infwarerr 2010/04/08 v1.3 Providing info/warning/error messages (HO)
)
(/usr/local/texlive/2013/texmf-dist/tex/generic/oberdiek/ltxcmds.sty
Package: ltxcmds 2011/11/09 v1.22 LaTeX kernel commands for general use (HO)
)
\Gread@gobject=\count105
))
\Gin@req@height=\dimen127
\Gin@req@width=\dimen128
)
(/usr/local/texlive/2013/texmf-dist/tex/latex/pgf/systemlayer/pgfsys.sty
(/usr/local/texlive/2013/texmf-dist/tex/latex/pgf/utilities/pgfrcs.sty
(/usr/local/texlive/2013/texmf-dist/tex/generic/pgf/utilities/pgfutil-common.te
x
\pgfutil@everybye=\toks16
)
(/usr/local/texlive/2013/texmf-dist/tex/generic/pgf/utilities/pgfutil-latex.def
\pgfutil@abb=\box34
(/usr/local/texlive/2013/texmf-dist/tex/latex/ms/everyshi.sty
Package: everyshi 2001/05/15 v3.00 EveryShipout Package (MS)
))
(/usr/local/texlive/2013/texmf-dist/tex/generic/pgf/utilities/pgfrcs.code.tex
Package: pgfrcs 2010/10/25 v2.10 (rcs-revision 1.24)
))
(/usr/local/texlive/2013/texmf-dist/tex/generic/pgf/systemlayer/pgfsys.code.tex
Package: pgfsys 2010/06/30 v2.10 (rcs-revision 1.37)
(/usr/local/texlive/2013/texmf-dist/tex/generic/pgf/utilities/pgfkeys.code.tex
\pgfkeys@pathtoks=\toks17
\pgfkeys@temptoks=\toks18

(/usr/local/texlive/2013/texmf-dist/tex/generic/pgf/utilities/pgfkeysfiltered.c
ode.tex
\pgfkeys@tmptoks=\toks19
))
\pgf@x=\dimen129
\pgf@y=\dimen130
\pgf@xa=\dimen131
\pgf@ya=\dimen132
\pgf@xb=\dimen133
\pgf@yb=\dimen134
\pgf@xc=\dimen135
\pgf@yc=\dimen136
\w@pgf@writea=\write3
\r@pgf@reada=\read1
\c@pgf@counta=\count106
\c@pgf@countb=\count107
\c@pgf@countc=\count108
\c@pgf@countd=\count109

(/usr/local/texlive/2013/texmf-dist/tex/generic/pgf/systemlayer/pgf.cfg
File: pgf.cfg 2008/05/14  (rcs-revision 1.7)
)
Package pgfsys Info: Driver file for pgf: pgfsys-pdftex.def on input line 900.

(/usr/local/texlive/2013/texmf-dist/tex/generic/pgf/systemlayer/pgfsys-pdftex.d
ef
File: pgfsys-pdftex.def 2009/05/22  (rcs-revision 1.26)

(/usr/local/texlive/2013/texmf-dist/tex/generic/pgf/systemlayer/pgfsys-common-p
df.def
File: pgfsys-common-pdf.def 2008/05/19  (rcs-revision 1.10)
)))
(/usr/local/texlive/2013/texmf-dist/tex/generic/pgf/systemlayer/pgfsyssoftpath.
code.tex
File: pgfsyssoftpath.code.tex 2008/07/18  (rcs-revision 1.7)
\pgfsyssoftpath@smallbuffer@items=\count110
\pgfsyssoftpath@bigbuffer@items=\count111
)
(/usr/local/texlive/2013/texmf-dist/tex/generic/pgf/systemlayer/pgfsysprotocol.
code.tex
File: pgfsysprotocol.code.tex 2006/10/16  (rcs-revision 1.4)
)) (/usr/local/texlive/2013/texmf-dist/tex/latex/xcolor/xcolor.sty
Package: xcolor 2007/01/21 v2.11 LaTeX color extensions (UK)

(/usr/local/texlive/2013/texmf-dist/tex/latex/latexconfig/color.cfg
File: color.cfg 2007/01/18 v1.5 color configuration of teTeX/TeXLive
)
Package xcolor Info: Driver file: pdftex.def on input line 225.
Package xcolor Info: Model `cmy' substituted by `cmy0' on input line 1337.
Package xcolor Info: Model `hsb' substituted by `rgb' on input line 1341.
Package xcolor Info: Model `RGB' extended on input line 1353.
Package xcolor Info: Model `HTML' substituted by `rgb' on input line 1355.
Package xcolor Info: Model `Hsb' substituted by `hsb' on input line 1356.
Package xcolor Info: Model `tHsb' substituted by `hsb' on input line 1357.
Package xcolor Info: Model `HSB' substituted by `hsb' on input line 1358.
Package xcolor Info: Model `Gray' substituted by `gray' on input line 1359.
Package xcolor Info: Model `wave' substituted by `hsb' on input line 1360.
)
(/usr/local/texlive/2013/texmf-dist/tex/generic/pgf/basiclayer/pgfcore.code.tex
Package: pgfcore 2010/04/11 v2.10 (rcs-revision 1.7)
(/usr/local/texlive/2013/texmf-dist/tex/generic/pgf/math/pgfmath.code.tex
(/usr/local/texlive/2013/texmf-dist/tex/generic/pgf/math/pgfmathcalc.code.tex
(/usr/local/texlive/2013/texmf-dist/tex/generic/pgf/math/pgfmathutil.code.tex)
(/usr/local/texlive/2013/texmf-dist/tex/generic/pgf/math/pgfmathparser.code.tex
\pgfmath@dimen=\dimen137
\pgfmath@count=\count112
\pgfmath@box=\box35
\pgfmath@toks=\toks20
\pgfmath@stack@operand=\toks21
\pgfmath@stack@operation=\toks22
)
(/usr/local/texlive/2013/texmf-dist/tex/generic/pgf/math/pgfmathfunctions.code.
tex
(/usr/local/texlive/2013/texmf-dist/tex/generic/pgf/math/pgfmathfunctions.basic
.code.tex)
(/usr/local/texlive/2013/texmf-dist/tex/generic/pgf/math/pgfmathfunctions.trigo
nometric.code.tex)
(/usr/local/texlive/2013/texmf-dist/tex/generic/pgf/math/pgfmathfunctions.rando
m.code.tex)
(/usr/local/texlive/2013/texmf-dist/tex/generic/pgf/math/pgfmathfunctions.compa
rison.code.tex)
(/usr/local/texlive/2013/texmf-dist/tex/generic/pgf/math/pgfmathfunctions.base.
code.tex)
(/usr/local/texlive/2013/texmf-dist/tex/generic/pgf/math/pgfmathfunctions.round
.code.tex)
(/usr/local/texlive/2013/texmf-dist/tex/generic/pgf/math/pgfmathfunctions.misc.
code.tex)))
(/usr/local/texlive/2013/texmf-dist/tex/generic/pgf/math/pgfmathfloat.code.tex
\c@pgfmathroundto@lastzeros=\count113
))
(/usr/local/texlive/2013/texmf-dist/tex/generic/pgf/basiclayer/pgfcorepoints.co
de.tex
File: pgfcorepoints.code.tex 2010/04/09  (rcs-revision 1.20)
\pgf@picminx=\dimen138
\pgf@picmaxx=\dimen139
\pgf@picminy=\dimen140
\pgf@picmaxy=\dimen141
\pgf@pathminx=\dimen142
\pgf@pathmaxx=\dimen143
\pgf@pathminy=\dimen144
\pgf@pathmaxy=\dimen145
\pgf@xx=\dimen146
\pgf@xy=\dimen147
\pgf@yx=\dimen148
\pgf@yy=\dimen149
\pgf@zx=\dimen150
\pgf@zy=\dimen151
)
(/usr/local/texlive/2013/texmf-dist/tex/generic/pgf/basiclayer/pgfcorepathconst
ruct.code.tex
File: pgfcorepathconstruct.code.tex 2010/08/03  (rcs-revision 1.24)
\pgf@path@lastx=\dimen152
\pgf@path@lasty=\dimen153
)
(/usr/local/texlive/2013/texmf-dist/tex/generic/pgf/basiclayer/pgfcorepathusage
.code.tex
File: pgfcorepathusage.code.tex 2008/04/22  (rcs-revision 1.12)
\pgf@shorten@end@additional=\dimen154
\pgf@shorten@start@additional=\dimen155
)
(/usr/local/texlive/2013/texmf-dist/tex/generic/pgf/basiclayer/pgfcorescopes.co
de.tex
File: pgfcorescopes.code.tex 2010/09/08  (rcs-revision 1.34)
\pgfpic=\box36
\pgf@hbox=\box37
\pgf@layerbox@main=\box38
\pgf@picture@serial@count=\count114
)
(/usr/local/texlive/2013/texmf-dist/tex/generic/pgf/basiclayer/pgfcoregraphicst
ate.code.tex
File: pgfcoregraphicstate.code.tex 2008/04/22  (rcs-revision 1.9)
\pgflinewidth=\dimen156
)
(/usr/local/texlive/2013/texmf-dist/tex/generic/pgf/basiclayer/pgfcoretransform
ations.code.tex
File: pgfcoretransformations.code.tex 2009/06/10  (rcs-revision 1.11)
\pgf@pt@x=\dimen157
\pgf@pt@y=\dimen158
\pgf@pt@temp=\dimen159
)
(/usr/local/texlive/2013/texmf-dist/tex/generic/pgf/basiclayer/pgfcorequick.cod
e.tex
File: pgfcorequick.code.tex 2008/10/09  (rcs-revision 1.3)
)
(/usr/local/texlive/2013/texmf-dist/tex/generic/pgf/basiclayer/pgfcoreobjects.c
ode.tex
File: pgfcoreobjects.code.tex 2006/10/11  (rcs-revision 1.2)
)
(/usr/local/texlive/2013/texmf-dist/tex/generic/pgf/basiclayer/pgfcorepathproce
ssing.code.tex
File: pgfcorepathprocessing.code.tex 2008/10/09  (rcs-revision 1.8)
)
(/usr/local/texlive/2013/texmf-dist/tex/generic/pgf/basiclayer/pgfcorearrows.co
de.tex
File: pgfcorearrows.code.tex 2008/04/23  (rcs-revision 1.11)
)
(/usr/local/texlive/2013/texmf-dist/tex/generic/pgf/basiclayer/pgfcoreshade.cod
e.tex
File: pgfcoreshade.code.tex 2008/11/23  (rcs-revision 1.13)
\pgf@max=\dimen160
\pgf@sys@shading@range@num=\count115
)
(/usr/local/texlive/2013/texmf-dist/tex/generic/pgf/basiclayer/pgfcoreimage.cod
e.tex
File: pgfcoreimage.code.tex 2010/03/25  (rcs-revision 1.16)

(/usr/local/texlive/2013/texmf-dist/tex/generic/pgf/basiclayer/pgfcoreexternal.
code.tex
File: pgfcoreexternal.code.tex 2010/09/01  (rcs-revision 1.17)
\pgfexternal@startupbox=\box39
))
(/usr/local/texlive/2013/texmf-dist/tex/generic/pgf/basiclayer/pgfcorelayers.co
de.tex
File: pgfcorelayers.code.tex 2010/08/27  (rcs-revision 1.2)
)
(/usr/local/texlive/2013/texmf-dist/tex/generic/pgf/basiclayer/pgfcoretranspare
ncy.code.tex
File: pgfcoretransparency.code.tex 2008/01/17  (rcs-revision 1.2)
)
(/usr/local/texlive/2013/texmf-dist/tex/generic/pgf/basiclayer/pgfcorepatterns.
code.tex
File: pgfcorepatterns.code.tex 2009/07/02  (rcs-revision 1.3)
)))
(/usr/local/texlive/2013/texmf-dist/tex/latex/pgf/utilities/xxcolor.sty
Package: xxcolor 2003/10/24 ver 0.1
\XC@nummixins=\count116
\XC@countmixins=\count117
)
(/usr/local/texlive/2013/texmf-dist/tex/latex/hyperref/hyperref.sty
Package: hyperref 2012/11/06 v6.83m Hypertext links for LaTeX

(/usr/local/texlive/2013/texmf-dist/tex/generic/oberdiek/hobsub-hyperref.sty
Package: hobsub-hyperref 2012/05/28 v1.13 Bundle oberdiek, subset hyperref (HO)


(/usr/local/texlive/2013/texmf-dist/tex/generic/oberdiek/hobsub-generic.sty
Package: hobsub-generic 2012/05/28 v1.13 Bundle oberdiek, subset generic (HO)
Package: hobsub 2012/05/28 v1.13 Construct package bundles (HO)
Package hobsub Info: Skipping package `infwarerr' (already loaded).
Package hobsub Info: Skipping package `ltxcmds' (already loaded).
Package: ifluatex 2010/03/01 v1.3 Provides the ifluatex switch (HO)
Package ifluatex Info: LuaTeX not detected.
Package hobsub Info: Skipping package `ifvtex' (already loaded).
Package: intcalc 2007/09/27 v1.1 Expandable calculations with integers (HO)
Package hobsub Info: Skipping package `ifpdf' (already loaded).
Package: etexcmds 2011/02/16 v1.5 Avoid name clashes with e-TeX commands (HO)
Package etexcmds Info: Could not find \expanded.
(etexcmds)             That can mean that you are not using pdfTeX 1.50 or
(etexcmds)             that some package has redefined \expanded.
(etexcmds)             In the latter case, load this package earlier.
Package: kvsetkeys 2012/04/25 v1.16 Key value parser (HO)
Package: kvdefinekeys 2011/04/07 v1.3 Define keys (HO)
Package: pdftexcmds 2011/11/29 v0.20 Utility functions of pdfTeX for LuaTeX (HO
)
Package pdftexcmds Info: LuaTeX not detected.
Package pdftexcmds Info: \pdf@primitive is available.
Package pdftexcmds Info: \pdf@ifprimitive is available.
Package pdftexcmds Info: \pdfdraftmode found.
Package: pdfescape 2011/11/25 v1.13 Implements pdfTeX's escape features (HO)
Package: bigintcalc 2012/04/08 v1.3 Expandable calculations on big integers (HO
)
Package: bitset 2011/01/30 v1.1 Handle bit-vector datatype (HO)
Package: uniquecounter 2011/01/30 v1.2 Provide unlimited unique counter (HO)
)
Package hobsub Info: Skipping package `hobsub' (already loaded).
Package: letltxmacro 2010/09/02 v1.4 Let assignment for LaTeX macros (HO)
Package: hopatch 2012/05/28 v1.2 Wrapper for package hooks (HO)
Package: xcolor-patch 2011/01/30 xcolor patch
Package: atveryend 2011/06/30 v1.8 Hooks at the very end of document (HO)
Package atveryend Info: \enddocument detected (standard20110627).
Package: atbegshi 2011/10/05 v1.16 At begin shipout hook (HO)
Package: refcount 2011/10/16 v3.4 Data extraction from label references (HO)
Package: hycolor 2011/01/30 v1.7 Color options for hyperref/bookmark (HO)
)
(/usr/local/texlive/2013/texmf-dist/tex/latex/oberdiek/auxhook.sty
Package: auxhook 2011/03/04 v1.3 Hooks for auxiliary files (HO)
)
(/usr/local/texlive/2013/texmf-dist/tex/latex/oberdiek/kvoptions.sty
Package: kvoptions 2011/06/30 v3.11 Key value format for package options (HO)
)
\@linkdim=\dimen161
\Hy@linkcounter=\count118
\Hy@pagecounter=\count119

(/usr/local/texlive/2013/texmf-dist/tex/latex/hyperref/pd1enc.def
File: pd1enc.def 2012/11/06 v6.83m Hyperref: PDFDocEncoding definition (HO)
)
\Hy@SavedSpaceFactor=\count120

(/usr/local/texlive/2013/texmf-dist/tex/latex/latexconfig/hyperref.cfg
File: hyperref.cfg 2002/06/06 v1.2 hyperref configuration of TeXLive
)
Package hyperref Info: Option `bookmarks' set `true' on input line 4319.
Package hyperref Info: Option `bookmarksopen' set `true' on input line 4319.
Package hyperref Info: Option `implicit' set `false' on input line 4319.
Package hyperref Info: Hyper figures OFF on input line 4443.
Package hyperref Info: Link nesting OFF on input line 4448.
Package hyperref Info: Hyper index ON on input line 4451.
Package hyperref Info: Plain pages OFF on input line 4458.
Package hyperref Info: Backreferencing OFF on input line 4463.
Package hyperref Info: Implicit mode OFF; no redefinition of LaTeX internals.
Package hyperref Info: Bookmarks ON on input line 4688.
\c@Hy@tempcnt=\count121

(/usr/local/texlive/2013/texmf-dist/tex/latex/url/url.sty
\Urlmuskip=\muskip10
Package: url 2006/04/12  ver 3.3  Verb mode for urls, etc.
)
LaTeX Info: Redefining \url on input line 5041.
\XeTeXLinkMargin=\dimen162
\Fld@menulength=\count122
\Field@Width=\dimen163
\Fld@charsize=\dimen164
Package hyperref Info: Hyper figures OFF on input line 6295.
Package hyperref Info: Link nesting OFF on input line 6300.
Package hyperref Info: Hyper index ON on input line 6303.
Package hyperref Info: backreferencing OFF on input line 6310.
Package hyperref Info: Link coloring OFF on input line 6315.
Package hyperref Info: Link coloring with OCG OFF on input line 6320.
Package hyperref Info: PDF/A mode OFF on input line 6325.
LaTeX Info: Redefining \ref on input line 6365.
LaTeX Info: Redefining \pageref on input line 6369.
\Hy@abspage=\count123


Package hyperref Message: Stopped early.

)

Package hyperref Message: Driver (autodetected): hpdftex.

(/usr/local/texlive/2013/texmf-dist/tex/latex/hyperref/hpdftex.def
File: hpdftex.def 2012/11/06 v6.83m Hyperref driver for pdfTeX
\Fld@listcount=\count124
\c@bookmark@seq@number=\count125

(/usr/local/texlive/2013/texmf-dist/tex/latex/oberdiek/rerunfilecheck.sty
Package: rerunfilecheck 2011/04/15 v1.7 Rerun checks for auxiliary files (HO)
Package uniquecounter Info: New unique counter `rerunfilecheck' on input line 2
82.
))
(/usr/local/texlive/2013/texmf-dist/tex/latex/beamer/beamerbaserequires.sty
Package: beamerbaserequires 2010/05/01  (rcs-revision efa082c6111d)

(/usr/local/texlive/2013/texmf-dist/tex/latex/beamer/beamerbasecompatibility.st
y
Package: beamerbasecompatibility 2012/05/01  (rcs-revision 67c48b3b652d)
) (/usr/local/texlive/2013/texmf-dist/tex/latex/beamer/beamerbasefont.sty
Package: beamerbasefont 2012/09/19  (rcs-revision 733629cd0c6c)

(/usr/local/texlive/2013/texmf-dist/tex/latex/amsfonts/amssymb.sty
Package: amssymb 2013/01/14 v3.01 AMS font symbols

(/usr/local/texlive/2013/texmf-dist/tex/latex/amsfonts/amsfonts.sty
Package: amsfonts 2013/01/14 v3.01 Basic AMSFonts support
\@emptytoks=\toks23
\symAMSa=\mathgroup4
\symAMSb=\mathgroup5
LaTeX Font Info:    Overwriting math alphabet `\mathfrak' in version `bold'
(Font)                  U/euf/m/n --> U/euf/b/n on input line 106.
)))
(/usr/local/texlive/2013/texmf-dist/tex/latex/beamer/beamerbasetranslator.sty
Package: beamerbasetranslator 2010/06/11  (rcs-revision 85fd1cc7fc42)

(/usr/local/texlive/2013/texmf-dist/tex/latex/beamer/translator/translator.sty
Package: translator 2010/06/12 ver 1.10

(/usr/local/texlive/2013/texmf-dist/tex/latex/beamer/translator/translator-lang
uage-mappings.tex)))
(/usr/local/texlive/2013/texmf-dist/tex/latex/beamer/beamerbasemisc.sty
Package: beamerbasemisc 2012/02/24  (rcs-revision 2ff5461be705)
)
(/usr/local/texlive/2013/texmf-dist/tex/latex/beamer/beamerbasetwoscreens.sty
Package: beamerbasetwoscreens 2010/05/01  (rcs-revision efa082c6111d)
)
(/usr/local/texlive/2013/texmf-dist/tex/latex/beamer/beamerbaseoverlay.sty
Package: beamerbaseoverlay 2012/11/11  (rcs-revision 6afbc49b1109)
\beamer@argscount=\count126
\beamer@lastskipcover=\skip44
\beamer@trivlistdepth=\count127
)
(/usr/local/texlive/2013/texmf-dist/tex/latex/beamer/beamerbasetitle.sty
Package: beamerbasetitle 2010/09/21  (rcs-revision f0446ed0b6ae)
)
(/usr/local/texlive/2013/texmf-dist/tex/latex/beamer/beamerbasesection.sty
Package: beamerbasesection 2013/01/04  (rcs-revision 54309ceef997)
\c@lecture=\count128
\c@part=\count129
\c@section=\count130
\c@subsection=\count131
\c@subsubsection=\count132
)
(/usr/local/texlive/2013/texmf-dist/tex/latex/beamer/beamerbaseframe.sty
Package: beamerbaseframe 2012/12/26  (rcs-revision 1443917db2cf)
\beamer@framebox=\box40
\beamer@frametitlebox=\box41
\beamer@zoombox=\box42
\beamer@zoomcount=\count133
\beamer@zoomframecount=\count134
\beamer@frametextheight=\dimen165
\c@subsectionslide=\count135
\beamer@frametopskip=\skip45
\beamer@framebottomskip=\skip46
\beamer@frametopskipautobreak=\skip47
\beamer@framebottomskipautobreak=\skip48
\beamer@envbody=\toks24
\framewidth=\dimen166
\c@framenumber=\count136
)
(/usr/local/texlive/2013/texmf-dist/tex/latex/beamer/beamerbaseverbatim.sty
Package: beamerbaseverbatim 2012/08/30  (rcs-revision dfdb135076b3)
\beamer@verbatimfileout=\write4
)
(/usr/local/texlive/2013/texmf-dist/tex/latex/beamer/beamerbaseframesize.sty
Package: beamerbaseframesize 2011/09/12  (rcs-revision 70f9d8411e54)
\beamer@splitbox=\box43
\beamer@autobreakcount=\count137
\beamer@autobreaklastheight=\dimen167
\beamer@frametitletoks=\toks25
\beamer@framesubtitletoks=\toks26
)
(/usr/local/texlive/2013/texmf-dist/tex/latex/beamer/beamerbaseframecomponents.
sty
Package: beamerbaseframecomponents 2012/09/13  (rcs-revision dcd846607320)
\beamer@footins=\box44
) (/usr/local/texlive/2013/texmf-dist/tex/latex/beamer/beamerbasecolor.sty
Package: beamerbasecolor 2010/06/06  (rcs-revision d1a9b48be06d)
)
(/usr/local/texlive/2013/texmf-dist/tex/latex/beamer/beamerbasenotes.sty
Package: beamerbasenotes 2012/12/19  (rcs-revision 1686da3db3c9)
\beamer@frameboxcopy=\box45
)
(/usr/local/texlive/2013/texmf-dist/tex/latex/beamer/beamerbasetoc.sty
Package: beamerbasetoc 2012/10/02  (rcs-revision 5ed0f4010e8a)
)
(/usr/local/texlive/2013/texmf-dist/tex/latex/beamer/beamerbasetemplates.sty
Package: beamerbasetemplates 2010/05/01  (rcs-revision efa082c6111d)
\beamer@sbttoks=\toks27

(/usr/local/texlive/2013/texmf-dist/tex/latex/beamer/beamerbaseauxtemplates.sty
Package: beamerbaseauxtemplates 2012/05/01  (rcs-revision 67c48b3b652d)
(/usr/local/texlive/2013/texmf-dist/tex/latex/beamer/beamerbaseboxes.sty
Package: beamerbaseboxes 2012/05/13  (rcs-revision 56972908a390)
\bmb@box=\box46
\bmb@colorbox=\box47
\bmb@boxshadow=\box48
\bmb@boxshadowball=\box49
\bmb@boxshadowballlarge=\box50
\bmb@temp=\dimen168
\bmb@dima=\dimen169
\bmb@dimb=\dimen170
\bmb@prevheight=\dimen171
)
\beamer@blockheadheight=\dimen172
))
(/usr/local/texlive/2013/texmf-dist/tex/latex/beamer/beamerbaselocalstructure.s
ty
Package: beamerbaselocalstructure 2012/11/13  (rcs-revision ddfba79dac19)
 (/usr/local/texlive/2013/texmf-dist/tex/latex/tools/enumerate.sty
Package: enumerate 1999/03/05 v3.00 enumerate extensions (DPC)
\@enLab=\toks28
)
\c@figure=\count138
\c@table=\count139
\abovecaptionskip=\skip49
\belowcaptionskip=\skip50
)
(/usr/local/texlive/2013/texmf-dist/tex/latex/beamer/beamerbasenavigation.sty
Package: beamerbasenavigation 2012/04/03  (rcs-revision 42a0f21a412d)
\beamer@section@min@dim=\dimen173
)
(/usr/local/texlive/2013/texmf-dist/tex/latex/beamer/beamerbasetheorems.sty
Package: beamerbasetheorems 2010/06/06  (rcs-revision 7e7cc5e53e9d)

(/usr/local/texlive/2013/texmf-dist/tex/latex/amsmath/amsmath.sty
Package: amsmath 2013/01/14 v2.14 AMS math features
\@mathmargin=\skip51

For additional information on amsmath, use the `?' option.
(/usr/local/texlive/2013/texmf-dist/tex/latex/amsmath/amstext.sty
Package: amstext 2000/06/29 v2.01

(/usr/local/texlive/2013/texmf-dist/tex/latex/amsmath/amsgen.sty
File: amsgen.sty 1999/11/30 v2.0
\@emptytoks=\toks29
\ex@=\dimen174
))
(/usr/local/texlive/2013/texmf-dist/tex/latex/amsmath/amsbsy.sty
Package: amsbsy 1999/11/29 v1.2d
\pmbraise@=\dimen175
)
(/usr/local/texlive/2013/texmf-dist/tex/latex/amsmath/amsopn.sty
Package: amsopn 1999/12/14 v2.01 operator names
)
\inf@bad=\count140
LaTeX Info: Redefining \frac on input line 210.
\uproot@=\count141
\leftroot@=\count142
LaTeX Info: Redefining \overline on input line 306.
\classnum@=\count143
\DOTSCASE@=\count144
LaTeX Info: Redefining \ldots on input line 378.
LaTeX Info: Redefining \dots on input line 381.
LaTeX Info: Redefining \cdots on input line 466.
\Mathstrutbox@=\box51
\strutbox@=\box52
\big@size=\dimen176
LaTeX Font Info:    Redeclaring font encoding OML on input line 566.
LaTeX Font Info:    Redeclaring font encoding OMS on input line 567.
\macc@depth=\count145
\c@MaxMatrixCols=\count146
\dotsspace@=\muskip11
\c@parentequation=\count147
\dspbrk@lvl=\count148
\tag@help=\toks30
\row@=\count149
\column@=\count150
\maxfields@=\count151
\andhelp@=\toks31
\eqnshift@=\dimen177
\alignsep@=\dimen178
\tagshift@=\dimen179
\tagwidth@=\dimen180
\totwidth@=\dimen181
\lineht@=\dimen182
\@envbody=\toks32
\multlinegap=\skip52
\multlinetaggap=\skip53
\mathdisplay@stack=\toks33
LaTeX Info: Redefining \[ on input line 2665.
LaTeX Info: Redefining \] on input line 2666.
)
(/usr/local/texlive/2013/texmf-dist/tex/latex/amscls/amsthm.sty
Package: amsthm 2004/08/06 v2.20
\thm@style=\toks34
\thm@bodyfont=\toks35
\thm@headfont=\toks36
\thm@notefont=\toks37
\thm@headpunct=\toks38
\thm@preskip=\skip54
\thm@postskip=\skip55
\thm@headsep=\skip56
\dth@everypar=\toks39
)
\c@theorem=\count152
)
(/usr/local/texlive/2013/texmf-dist/tex/latex/beamer/beamerbasethemes.sty
Package: beamerbasethemes 2010/05/01  (rcs-revision efa082c6111d)
))
(/usr/local/texlive/2013/texmf-dist/tex/latex/beamer/themes/theme/beamerthemede
fault.sty
Package: beamerthemedefault 2010/06/17  (rcs-revision d02a7cf4d8ae)

(/usr/local/texlive/2013/texmf-dist/tex/latex/beamer/themes/font/beamerfontthem
edefault.sty
Package: beamerfontthemedefault 2012/12/19  (rcs-revision 1686da3db3c9)
)
(/usr/local/texlive/2013/texmf-dist/tex/latex/beamer/themes/color/beamercolorth
emedefault.sty
Package: beamercolorthemedefault 2012/12/19  (rcs-revision 1686da3db3c9)
)
(/usr/local/texlive/2013/texmf-dist/tex/latex/beamer/themes/inner/beamerinnerth
emedefault.sty
Package: beamerinnerthemedefault 2012/05/01  (rcs-revision 67c48b3b652d)
\beamer@dima=\dimen183
\beamer@dimb=\dimen184
)
(/usr/local/texlive/2013/texmf-dist/tex/latex/beamer/themes/outer/beamerouterth
emedefault.sty
Package: beamerouterthemedefault 2012/12/19  (rcs-revision 1686da3db3c9)
)))
(/usr/local/texlive/2013/texmf-dist/tex/latex/beamer/themes/theme/beamerthemeRo
chester.sty
Package: beamerthemeRochester 2010/06/17  (rcs-revision d02a7cf4d8ae)

(/usr/local/texlive/2013/texmf-dist/tex/latex/beamer/themes/outer/beamerouterth
emesidebar.sty
Package: beamerouterthemesidebar 2010/06/17  (rcs-revision d02a7cf4d8ae)
\beamer@sidebarwidth=\dimen185
\beamer@headheight=\dimen186
)
(/usr/local/texlive/2013/texmf-dist/tex/latex/beamer/themes/inner/beamerinnerth
emerectangles.sty
Package: beamerinnerthemerectangles 2010/06/17  (rcs-revision d02a7cf4d8ae)
)
(/usr/local/texlive/2013/texmf-dist/tex/latex/beamer/themes/color/beamercolorth
emewhale.sty
Package: beamercolorthemewhale 2010/06/17  (rcs-revision d02a7cf4d8ae)
)
(/usr/local/texlive/2013/texmf-dist/tex/latex/beamer/themes/color/beamercolorth
emeorchid.sty
Package: beamercolorthemeorchid 2010/06/17  (rcs-revision d02a7cf4d8ae)
))
(/usr/local/texlive/2013/texmf-dist/tex/latex/textpos/textpos.sty
Package: textpos 2012/11/13 v1.7i

Package: textpos 2012/11/13 1.7i, absolute positioning of text on the page
\TP@textbox=\box53
\TP@holdbox=\box54
\TPHorizModule=\dimen187
\TPVertModule=\dimen188
\TP@margin=\dimen189
\TP@absmargin=\dimen190
Grid set 16 x 16 = 22.7622pt x 17.07166pt
\TPboxrulesize=\dimen191
\TP@ox=\dimen192
\TP@oy=\dimen193
\TP@tbargs=\toks40
\TP@prevdepth=\dimen194
TextBlockOrigin set to 0pt x 0pt
) (/usr/local/texlive/2013/texmf-dist/tex/latex/graphics/epsfig.sty
Package: epsfig 1999/02/16 v1.7a (e)psfig emulation (SPQR)
\epsfxsize=\dimen195
\epsfysize=\dimen196
)
(/usr/local/texlive/2013/texmf-dist/tex/generic/babel/babel.sty
Package: babel 2013/05/16 v3.9f The Babel package

(/usr/local/texlive/2013/texmf-dist/tex/generic/babel-english/english.ldf
Language: english 2012/08/20 v3.3p English support from the babel system

(/usr/local/texlive/2013/texmf-dist/tex/generic/babel/babel.def
File: babel.def 2013/05/16 v3.9f Babel common definitions
LaTeX Info: Redefining \textlatin on input line 130.
\babel@savecnt=\count153
\U@D=\dimen197
)
\l@canadian = a dialect from \language\l@american 
\l@australian = a dialect from \language\l@british 
\l@newzealand = a dialect from \language\l@british 
))
(/usr/local/texlive/2013/texmf-dist/tex/latex/listings/listings.sty
\lst@mode=\count154
\lst@gtempboxa=\box55
\lst@token=\toks41
\lst@length=\count155
\lst@currlwidth=\dimen198
\lst@column=\count156
\lst@pos=\count157
\lst@lostspace=\dimen199
\lst@width=\dimen200
\lst@newlines=\count158
\lst@lineno=\count159
\lst@maxwidth=\dimen201

(/usr/local/texlive/2013/texmf-dist/tex/latex/listings/lstmisc.sty
File: lstmisc.sty 2007/02/22 1.4 (Carsten Heinz)
\c@lstnumber=\count160
\lst@skipnumbers=\count161
\lst@framebox=\box56
)
(/usr/local/texlive/2013/texmf-dist/tex/latex/listings/listings.cfg
File: listings.cfg 2007/02/22 1.4 listings configuration
))
Package: listings 2007/02/22 1.4 (Carsten Heinz)

(/usr/local/texlive/2013/texmf-dist/tex/latex/subfigure/subfigure.sty
Package: subfigure 2002/03/15 v2.1.5 subfigure package
\subfigtopskip=\skip57
\subfigcapskip=\skip58
\subfigcaptopadj=\dimen202
\subfigbottomskip=\skip59
\subfigcapmargin=\dimen203
\subfiglabelskip=\skip60
\c@subfigure=\count162
\c@lofdepth=\count163
\c@subtable=\count164
\c@lotdepth=\count165

****************************************
* Local config file subfigure.cfg used *
****************************************
(/usr/local/texlive/2013/texmf-dist/tex/latex/subfigure/subfigure.cfg)
\subfig@top=\skip61
\subfig@bottom=\skip62
)
TextBlockOrigin set to 1cm x 1cm

Package hyperref Warning: Token not allowed in a PDF string (PDFDocEncoding):
(hyperref)                removing `\\' on input line 27.


Package hyperref Warning: Token not allowed in a PDF string (PDFDocEncoding):
(hyperref)                removing `\\' on input line 27.


Package hyperref Warning: Token not allowed in a PDF string (PDFDocEncoding):
(hyperref)                removing `\\' on input line 27.

(./RICON2014.aux)
\openout1 = `RICON2014.aux'.

LaTeX Font Info:    Checking defaults for OML/cmm/m/it on input line 30.
LaTeX Font Info:    ... okay on input line 30.
LaTeX Font Info:    Checking defaults for T1/cmr/m/n on input line 30.
LaTeX Font Info:    ... okay on input line 30.
LaTeX Font Info:    Checking defaults for OT1/cmr/m/n on input line 30.
LaTeX Font Info:    ... okay on input line 30.
LaTeX Font Info:    Checking defaults for OMS/cmsy/m/n on input line 30.
LaTeX Font Info:    ... okay on input line 30.
LaTeX Font Info:    Checking defaults for OMX/cmex/m/n on input line 30.
LaTeX Font Info:    ... okay on input line 30.
LaTeX Font Info:    Checking defaults for U/cmr/m/n on input line 30.
LaTeX Font Info:    ... okay on input line 30.
LaTeX Font Info:    Checking defaults for PD1/pdf/m/n on input line 30.
LaTeX Font Info:    ... okay on input line 30.

*geometry* driver: auto-detecting
*geometry* detected driver: pdftex
*geometry* verbose mode - [ preamble ] result:
* driver: pdftex
* paper: custom
* layout: <same size as paper>
* layoutoffset:(h,v)=(0.0pt,0.0pt)
* modes: includehead includefoot 
* h-part:(L,W,R)=(28.45274pt, 307.28987pt, 28.45274pt)
* v-part:(T,H,B)=(0.0pt, 273.14662pt, 0.0pt)
* \paperwidth=364.19536pt
* \paperheight=273.14662pt
* \textwidth=307.28987pt
* \textheight=244.6939pt
* \oddsidemargin=-43.81725pt
* \evensidemargin=-43.81725pt
* \topmargin=-72.26999pt
* \headheight=14.22636pt
* \headsep=0.0pt
* \topskip=11.0pt
* \footskip=14.22636pt
* \marginparwidth=4.0pt
* \marginparsep=10.0pt
* \columnsep=10.0pt
* \skip\footins=10.0pt plus 4.0pt minus 2.0pt
* \hoffset=0.0pt
* \voffset=0.0pt
* \mag=1000
* \@twocolumnfalse
* \@twosidefalse
* \@mparswitchfalse
* \@reversemarginfalse
* (1in=72.27pt=25.4mm, 1cm=28.453pt)

(/usr/local/texlive/2013/texmf-dist/tex/context/base/supp-pdf.mkii
[Loading MPS to PDF converter (version 2006.09.02).]
\scratchcounter=\count166
\scratchdimen=\dimen204
\scratchbox=\box57
\nofMPsegments=\count167
\nofMParguments=\count168
\everyMPshowfont=\toks42
\MPscratchCnt=\count169
\MPscratchDim=\dimen205
\MPnumerator=\count170
\makeMPintoPDFobject=\count171
\everyMPtoPDFconversion=\toks43
) (/usr/local/texlive/2013/texmf-dist/tex/latex/oberdiek/epstopdf-base.sty
Package: epstopdf-base 2010/02/09 v2.5 Base part for package epstopdf

(/usr/local/texlive/2013/texmf-dist/tex/latex/oberdiek/grfext.sty
Package: grfext 2010/08/19 v1.1 Manage graphics extensions (HO)
)
Package grfext Info: Graphics extension search list:
(grfext)             [.png,.pdf,.jpg,.mps,.jpeg,.jbig2,.jb2,.PNG,.PDF,.JPG,.JPE
G,.JBIG2,.JB2,.eps]
(grfext)             \AppendGraphicsExtensions on input line 452.

(/usr/local/texlive/2013/texmf-dist/tex/latex/latexconfig/epstopdf-sys.cfg
File: epstopdf-sys.cfg 2010/07/13 v1.3 Configuration of (r)epstopdf for TeX Liv
e
))
ABD: EveryShipout initializing macros
\AtBeginShipoutBox=\box58
Package hyperref Info: Link coloring OFF on input line 30.

(/usr/local/texlive/2013/texmf-dist/tex/latex/hyperref/nameref.sty
Package: nameref 2012/10/27 v2.43 Cross-referencing by name of section

(/usr/local/texlive/2013/texmf-dist/tex/generic/oberdiek/gettitlestring.sty
Package: gettitlestring 2010/12/03 v1.4 Cleanup title references (HO)
)
\c@section@level=\count172
)
LaTeX Info: Redefining \ref on input line 30.
LaTeX Info: Redefining \pageref on input line 30.
LaTeX Info: Redefining \nameref on input line 30.

(./RICON2014.out) (./RICON2014.out)
\@outlinefile=\write5
\openout5 = `RICON2014.out'.

LaTeX Font Info:    Overwriting symbol font `operators' in version `normal'
(Font)                  OT1/cmr/m/n --> OT1/cmss/m/n on input line 30.
LaTeX Font Info:    Overwriting symbol font `operators' in version `bold'
(Font)                  OT1/cmr/bx/n --> OT1/cmss/bx/n on input line 30.
\symnumbers=\mathgroup6
\sympureletters=\mathgroup7
LaTeX Font Info:    Overwriting math alphabet `\mathrm' in version `normal'
(Font)                  OT1/cmss/m/n --> OT1/cmr/m/n on input line 30.
LaTeX Font Info:    Redeclaring math alphabet \mathbf on input line 30.
LaTeX Font Info:    Overwriting math alphabet `\mathbf' in version `normal'
(Font)                  OT1/cmr/bx/n --> OT1/cmss/bx/n on input line 30.
LaTeX Font Info:    Overwriting math alphabet `\mathbf' in version `bold'
(Font)                  OT1/cmr/bx/n --> OT1/cmss/bx/n on input line 30.
LaTeX Font Info:    Redeclaring math alphabet \mathsf on input line 30.
LaTeX Font Info:    Overwriting math alphabet `\mathsf' in version `normal'
(Font)                  OT1/cmss/m/n --> OT1/cmss/m/n on input line 30.
LaTeX Font Info:    Overwriting math alphabet `\mathsf' in version `bold'
(Font)                  OT1/cmss/bx/n --> OT1/cmss/m/n on input line 30.
LaTeX Font Info:    Redeclaring math alphabet \mathit on input line 30.
LaTeX Font Info:    Overwriting math alphabet `\mathit' in version `normal'
(Font)                  OT1/cmr/m/it --> OT1/cmss/m/it on input line 30.
LaTeX Font Info:    Overwriting math alphabet `\mathit' in version `bold'
(Font)                  OT1/cmr/bx/it --> OT1/cmss/m/it on input line 30.
LaTeX Font Info:    Redeclaring math alphabet \mathtt on input line 30.
LaTeX Font Info:    Overwriting math alphabet `\mathtt' in version `normal'
(Font)                  OT1/cmtt/m/n --> OT1/cmtt/m/n on input line 30.
LaTeX Font Info:    Overwriting math alphabet `\mathtt' in version `bold'
(Font)                  OT1/cmtt/m/n --> OT1/cmtt/m/n on input line 30.
LaTeX Font Info:    Overwriting symbol font `numbers' in version `bold'
(Font)                  OT1/cmss/m/n --> OT1/cmss/bx/n on input line 30.
LaTeX Font Info:    Overwriting symbol font `pureletters' in version `bold'
(Font)                  OT1/cmss/m/it --> OT1/cmss/bx/it on input line 30.
LaTeX Font Info:    Overwriting math alphabet `\mathrm' in version `bold'
(Font)                  OT1/cmss/bx/n --> OT1/cmr/bx/n on input line 30.
LaTeX Font Info:    Overwriting math alphabet `\mathbf' in version `bold'
(Font)                  OT1/cmss/bx/n --> OT1/cmss/bx/n on input line 30.
LaTeX Font Info:    Overwriting math alphabet `\mathsf' in version `bold'
(Font)                  OT1/cmss/m/n --> OT1/cmss/bx/n on input line 30.
LaTeX Font Info:    Overwriting math alphabet `\mathit' in version `bold'
(Font)                  OT1/cmss/m/it --> OT1/cmss/bx/it on input line 30.
LaTeX Font Info:    Overwriting math alphabet `\mathtt' in version `bold'
(Font)                  OT1/cmtt/m/n --> OT1/cmtt/bx/n on input line 30.

(/usr/local/texlive/2013/texmf-dist/tex/latex/beamer/translator/dicts/translato
r-basic-dictionary/translator-basic-dictionary-English.dict
Dictionary: translator-basic-dictionary, Language: English 
)
(/usr/local/texlive/2013/texmf-dist/tex/latex/beamer/translator/dicts/translato
r-bibliography-dictionary/translator-bibliography-dictionary-English.dict
Dictionary: translator-bibliography-dictionary, Language: English 
)
(/usr/local/texlive/2013/texmf-dist/tex/latex/beamer/translator/dicts/translato
r-environment-dictionary/translator-environment-dictionary-English.dict
Dictionary: translator-environment-dictionary, Language: English 
)
(/usr/local/texlive/2013/texmf-dist/tex/latex/beamer/translator/dicts/translato
r-months-dictionary/translator-months-dictionary-English.dict
Dictionary: translator-months-dictionary, Language: English 
)
(/usr/local/texlive/2013/texmf-dist/tex/latex/beamer/translator/dicts/translato
r-numbers-dictionary/translator-numbers-dictionary-English.dict
Dictionary: translator-numbers-dictionary, Language: English 
)
(/usr/local/texlive/2013/texmf-dist/tex/latex/beamer/translator/dicts/translato
r-theorem-dictionary/translator-theorem-dictionary-English.dict
Dictionary: translator-theorem-dictionary, Language: English 
)
LaTeX Info: Redefining \includegraphics on input line 30.
\c@lstlisting=\count173

(./RICON2014.nav)

LaTeX Font Warning: Font shape `OT1/cmss/m/n' in size <4> not available
(Font)              size <5> substituted on input line 39.

[1

{/usr/local/texlive/2013/texmf-var/fonts/map/pdftex/updmap/pdftex.map}]
(./RICON2014.toc) [2

] (./RICON2014.toc) [3

] [4

] [5

] [6

] [7

] (./RICON2014.toc)
[8

] [9

] [10

] <pics/one2all1.pdf, id=446, 845.1575pt x 597.23125pt>
File: pics/one2all1.pdf Graphic file (type pdf)

<use pics/one2all1.pdf>
Package pdftex.def Info: pics/one2all1.pdf used on input line 143.
(pdftex.def)             Requested size: 307.28987pt x 217.15375pt.

Overfull \vbox (8.74463pt too high) detected at line 143
 []

[11

 <./pics/one2all1.pdf>]
<pics/one2all2.pdf, id=545, 845.1575pt x 597.23125pt>
File: pics/one2all2.pdf Graphic file (type pdf)
 <use pics/one2all2.pdf>
Package pdftex.def Info: pics/one2all2.pdf used on input line 155.
(pdftex.def)             Requested size: 307.28987pt x 217.15375pt.

Overfull \vbox (8.74463pt too high) detected at line 155
 []

[12

 <./pics/one2all2.pdf>]
<pics/one2all3.pdf, id=643, 845.1575pt x 597.23125pt>
File: pics/one2all3.pdf Graphic file (type pdf)
 <use pics/one2all3.pdf>
Package pdftex.def Info: pics/one2all3.pdf used on input line 167.
(pdftex.def)             Requested size: 307.28987pt x 217.15375pt.

Overfull \vbox (8.74463pt too high) detected at line 167
 []

[13

 <./pics/one2all3.pdf>]
<pics/one2all4.pdf, id=747, 845.1575pt x 597.23125pt>
File: pics/one2all4.pdf Graphic file (type pdf)
 <use pics/one2all4.pdf>
Package pdftex.def Info: pics/one2all4.pdf used on input line 179.
(pdftex.def)             Requested size: 307.28987pt x 217.15375pt.

Overfull \vbox (8.74463pt too high) detected at line 179
 []

[14

 <./pics/one2all4.pdf>]
<pics/one2all5.pdf, id=854, 845.1575pt x 597.23125pt>
File: pics/one2all5.pdf Graphic file (type pdf)
 <use pics/one2all5.pdf>
Package pdftex.def Info: pics/one2all5.pdf used on input line 191.
(pdftex.def)             Requested size: 307.28987pt x 217.15375pt.

Overfull \vbox (8.74463pt too high) detected at line 191
 []

[15

 <./pics/one2all5.pdf>]
<pics/one2all6.pdf, id=964, 845.1575pt x 597.23125pt>
File: pics/one2all6.pdf Graphic file (type pdf)
 <use pics/one2all6.pdf>
Package pdftex.def Info: pics/one2all6.pdf used on input line 203.
(pdftex.def)             Requested size: 307.28987pt x 217.15375pt.

Overfull \vbox (8.74463pt too high) detected at line 203
 []

[16

 <./pics/one2all6.pdf>]
<pics/one2all7.pdf, id=1079, 845.1575pt x 597.23125pt>
File: pics/one2all7.pdf Graphic file (type pdf)
 <use pics/one2all7.pdf>
Package pdftex.def Info: pics/one2all7.pdf used on input line 215.
(pdftex.def)             Requested size: 307.28987pt x 217.15375pt.

Overfull \vbox (8.74463pt too high) detected at line 215
 []

[17

 <./pics/one2all7.pdf>] [18

] [19

] [20

]
<pics/fault1.pdf, id=1311, 845.1575pt x 597.23125pt>
File: pics/fault1.pdf Graphic file (type pdf)
 <use pics/fault1.pdf>
Package pdftex.def Info: pics/fault1.pdf used on input line 254.
(pdftex.def)             Requested size: 307.28987pt x 217.15375pt.

Overfull \vbox (8.74463pt too high) detected at line 254
 []

[21

 <./pics/fault1.pdf>] <pics/fault2.pdf, id=1421, 845.1575pt x 597.23125pt>
File: pics/fault2.pdf Graphic file (type pdf)

<use pics/fault2.pdf>
Package pdftex.def Info: pics/fault2.pdf used on input line 266.
(pdftex.def)             Requested size: 307.28987pt x 217.15375pt.

Overfull \vbox (8.74463pt too high) detected at line 266
 []

[22

 <./pics/fault2.pdf>] <pics/fault3.pdf, id=1539, 845.1575pt x 597.23125pt>
File: pics/fault3.pdf Graphic file (type pdf)

<use pics/fault3.pdf>
Package pdftex.def Info: pics/fault3.pdf used on input line 278.
(pdftex.def)             Requested size: 307.28987pt x 217.15375pt.

Overfull \vbox (8.74463pt too high) detected at line 278
 []

[23

 <./pics/fault3.pdf>] [24

] [25

]
<pics/spanningtree1.pdf, id=1717, 845.1575pt x 597.23125pt>
File: pics/spanningtree1.pdf Graphic file (type pdf)

<use pics/spanningtree1.pdf>
Package pdftex.def Info: pics/spanningtree1.pdf used on input line 310.
(pdftex.def)             Requested size: 307.28987pt x 217.15375pt.

Overfull \vbox (8.74463pt too high) detected at line 310
 []

[26

 <./pics/spanningtree1.pdf>]
<pics/spanningtree2.pdf, id=1816, 845.1575pt x 597.23125pt>
File: pics/spanningtree2.pdf Graphic file (type pdf)

<use pics/spanningtree2.pdf>
Package pdftex.def Info: pics/spanningtree2.pdf used on input line 322.
(pdftex.def)             Requested size: 307.28987pt x 217.15375pt.

Overfull \vbox (8.74463pt too high) detected at line 322
 []

[27

 <./pics/spanningtree2.pdf>]
<pics/spanningtree3.pdf, id=1915, 845.1575pt x 597.23125pt>
File: pics/spanningtree3.pdf Graphic file (type pdf)

<use pics/spanningtree3.pdf>
Package pdftex.def Info: pics/spanningtree3.pdf used on input line 334.
(pdftex.def)             Requested size: 307.28987pt x 217.15375pt.

Overfull \vbox (8.74463pt too high) detected at line 334
 []

[28

 <./pics/spanningtree3.pdf>]
<pics/spanningtree4.pdf, id=2013, 845.1575pt x 597.23125pt>
File: pics/spanningtree4.pdf Graphic file (type pdf)

<use pics/spanningtree4.pdf>
Package pdftex.def Info: pics/spanningtree4.pdf used on input line 346.
(pdftex.def)             Requested size: 307.28987pt x 217.15375pt.

Overfull \vbox (8.74463pt too high) detected at line 346
 []

[29

 <./pics/spanningtree4.pdf>]
<pics/spanningtree5.pdf, id=2112, 845.1575pt x 597.23125pt>
File: pics/spanningtree5.pdf Graphic file (type pdf)

<use pics/spanningtree5.pdf>
Package pdftex.def Info: pics/spanningtree5.pdf used on input line 358.
(pdftex.def)             Requested size: 307.28987pt x 217.15375pt.

Overfull \vbox (8.74463pt too high) detected at line 358
 []

[30

 <./pics/spanningtree5.pdf>]
<pics/spanningtree6.pdf, id=2210, 845.1575pt x 597.23125pt>
File: pics/spanningtree6.pdf Graphic file (type pdf)

<use pics/spanningtree6.pdf>
Package pdftex.def Info: pics/spanningtree6.pdf used on input line 370.
(pdftex.def)             Requested size: 307.28987pt x 217.15375pt.

Overfull \vbox (8.74463pt too high) detected at line 370
 []

[31

 <./pics/spanningtree6.pdf>]
<pics/spanningtree7.pdf, id=2310, 845.1575pt x 597.23125pt>
File: pics/spanningtree7.pdf Graphic file (type pdf)

<use pics/spanningtree7.pdf>
Package pdftex.def Info: pics/spanningtree7.pdf used on input line 382.
(pdftex.def)             Requested size: 307.28987pt x 217.15375pt.

Overfull \vbox (8.74463pt too high) detected at line 382
 []

[32

 <./pics/spanningtree7.pdf>]
<pics/spanningtree8.pdf, id=2409, 845.1575pt x 597.23125pt>
File: pics/spanningtree8.pdf Graphic file (type pdf)

<use pics/spanningtree8.pdf>
Package pdftex.def Info: pics/spanningtree8.pdf used on input line 394.
(pdftex.def)             Requested size: 307.28987pt x 217.15375pt.

Overfull \vbox (8.74463pt too high) detected at line 394
 []

[33

 <./pics/spanningtree8.pdf>]
<pics/spanningtree9.pdf, id=2507, 845.1575pt x 597.23125pt>
File: pics/spanningtree9.pdf Graphic file (type pdf)

<use pics/spanningtree9.pdf>
Package pdftex.def Info: pics/spanningtree9.pdf used on input line 406.
(pdftex.def)             Requested size: 307.28987pt x 217.15375pt.

Overfull \vbox (8.74463pt too high) detected at line 406
 []

[34

 <./pics/spanningtree9.pdf>]
<pics/spanningtree10.pdf, id=2606, 845.1575pt x 597.23125pt>
File: pics/spanningtree10.pdf Graphic file (type pdf)

<use pics/spanningtree10.pdf>
Package pdftex.def Info: pics/spanningtree10.pdf used on input line 418.
(pdftex.def)             Requested size: 307.28987pt x 217.15375pt.

Overfull \vbox (8.74463pt too high) detected at line 418
 []

[35

 <./pics/spanningtree10.pdf>]
<pics/spanningtree11.pdf, id=2705, 845.1575pt x 597.23125pt>
File: pics/spanningtree11.pdf Graphic file (type pdf)

<use pics/spanningtree11.pdf>
Package pdftex.def Info: pics/spanningtree11.pdf used on input line 430.
(pdftex.def)             Requested size: 307.28987pt x 217.15375pt.

Overfull \vbox (8.74463pt too high) detected at line 430
 []

[36

 <./pics/spanningtree11.pdf>] [37

] [38

] [39

]
<pics/spfault1.pdf, id=2880, 845.1575pt x 597.23125pt>
File: pics/spfault1.pdf Graphic file (type pdf)
 <use pics/spfault1.pdf>
Package pdftex.def Info: pics/spfault1.pdf used on input line 468.
(pdftex.def)             Requested size: 307.28987pt x 217.15375pt.

Overfull \vbox (8.74463pt too high) detected at line 468
 []

[40

 <./pics/spfault1.pdf>]
<pics/spfault2.pdf, id=2979, 845.1575pt x 597.23125pt>
File: pics/spfault2.pdf Graphic file (type pdf)
 <use pics/spfault2.pdf>
Package pdftex.def Info: pics/spfault2.pdf used on input line 480.
(pdftex.def)             Requested size: 307.28987pt x 217.15375pt.

Overfull \vbox (8.74463pt too high) detected at line 480
 []

[41

 <./pics/spfault2.pdf>]
<pics/spfault3.pdf, id=3084, 845.1575pt x 597.23125pt>
File: pics/spfault3.pdf Graphic file (type pdf)
 <use pics/spfault3.pdf>
Package pdftex.def Info: pics/spfault3.pdf used on input line 492.
(pdftex.def)             Requested size: 307.28987pt x 217.15375pt.

Overfull \vbox (8.74463pt too high) detected at line 492
 []

[42

 <./pics/spfault3.pdf>]
<pics/spfault4.pdf, id=3179, 845.1575pt x 597.23125pt>
File: pics/spfault4.pdf Graphic file (type pdf)
 <use pics/spfault4.pdf>
Package pdftex.def Info: pics/spfault4.pdf used on input line 504.
(pdftex.def)             Requested size: 307.28987pt x 217.15375pt.

Overfull \vbox (8.74463pt too high) detected at line 504
 []

[43

 <./pics/spfault4.pdf>]
<pics/spfault5.pdf, id=3274, 845.1575pt x 597.23125pt>
File: pics/spfault5.pdf Graphic file (type pdf)
 <use pics/spfault5.pdf>
Package pdftex.def Info: pics/spfault5.pdf used on input line 516.
(pdftex.def)             Requested size: 307.28987pt x 217.15375pt.

Overfull \vbox (8.74463pt too high) detected at line 516
 []

[44

 <./pics/spfault5.pdf>] [45

] [46

]
<pics/flood1.pdf, id=3420, 845.1575pt x 597.23125pt>
File: pics/flood1.pdf Graphic file (type pdf)
 <use pics/flood1.pdf>
Package pdftex.def Info: pics/flood1.pdf used on input line 546.
(pdftex.def)             Requested size: 307.28987pt x 217.15375pt.

Overfull \vbox (8.74463pt too high) detected at line 546
 []

[47

 <./pics/flood1.pdf>] <pics/flood2.pdf, id=3518, 845.1575pt x 597.23125pt>
File: pics/flood2.pdf Graphic file (type pdf)

<use pics/flood2.pdf>
Package pdftex.def Info: pics/flood2.pdf used on input line 556.
(pdftex.def)             Requested size: 307.28987pt x 217.15375pt.

Overfull \vbox (8.74463pt too high) detected at line 556
 []

[48

 <./pics/flood2.pdf>] <pics/flood3.pdf, id=3617, 845.1575pt x 597.23125pt>
File: pics/flood3.pdf Graphic file (type pdf)

<use pics/flood3.pdf>
Package pdftex.def Info: pics/flood3.pdf used on input line 566.
(pdftex.def)             Requested size: 307.28987pt x 217.15375pt.

Overfull \vbox (8.74463pt too high) detected at line 566
 []

[49

 <./pics/flood3.pdf>] <pics/flood4.pdf, id=3717, 845.1575pt x 597.23125pt>
File: pics/flood4.pdf Graphic file (type pdf)

<use pics/flood4.pdf>
Package pdftex.def Info: pics/flood4.pdf used on input line 576.
(pdftex.def)             Requested size: 307.28987pt x 217.15375pt.

Overfull \vbox (8.74463pt too high) detected at line 576
 []

[50

 <./pics/flood4.pdf>] <pics/flood5.pdf, id=3815, 845.1575pt x 597.23125pt>
File: pics/flood5.pdf Graphic file (type pdf)

<use pics/flood5.pdf>
Package pdftex.def Info: pics/flood5.pdf used on input line 586.
(pdftex.def)             Requested size: 307.28987pt x 217.15375pt.

Overfull \vbox (8.74463pt too high) detected at line 586
 []

[51

 <./pics/flood5.pdf>] <pics/flood6.pdf, id=3914, 845.1575pt x 597.23125pt>
File: pics/flood6.pdf Graphic file (type pdf)

<use pics/flood6.pdf>
Package pdftex.def Info: pics/flood6.pdf used on input line 596.
(pdftex.def)             Requested size: 307.28987pt x 217.15375pt.

Overfull \vbox (8.74463pt too high) detected at line 596
 []

[52

 <./pics/flood6.pdf>] <pics/flood7.pdf, id=4013, 845.1575pt x 597.23125pt>
File: pics/flood7.pdf Graphic file (type pdf)

<use pics/flood7.pdf>
Package pdftex.def Info: pics/flood7.pdf used on input line 606.
(pdftex.def)             Requested size: 307.28987pt x 217.15375pt.

Overfull \vbox (8.74463pt too high) detected at line 606
 []

[53

 <./pics/flood7.pdf>] <pics/flood8.pdf, id=4111, 845.1575pt x 597.23125pt>
File: pics/flood8.pdf Graphic file (type pdf)

<use pics/flood8.pdf>
Package pdftex.def Info: pics/flood8.pdf used on input line 616.
(pdftex.def)             Requested size: 307.28987pt x 217.15375pt.

Overfull \vbox (8.74463pt too high) detected at line 616
 []

[54

 <./pics/flood8.pdf>] <pics/flood9.pdf, id=4210, 845.1575pt x 597.23125pt>
File: pics/flood9.pdf Graphic file (type pdf)

<use pics/flood9.pdf>
Package pdftex.def Info: pics/flood9.pdf used on input line 626.
(pdftex.def)             Requested size: 307.28987pt x 217.15375pt.

Overfull \vbox (8.74463pt too high) detected at line 626
 []

[55

 <./pics/flood9.pdf>] <pics/flood10.pdf, id=4309, 845.1575pt x 597.23125pt>
File: pics/flood10.pdf Graphic file (type pdf)

<use pics/flood10.pdf>
Package pdftex.def Info: pics/flood10.pdf used on input line 636.
(pdftex.def)             Requested size: 307.28987pt x 217.15375pt.

Overfull \vbox (8.74463pt too high) detected at line 636
 []

[56

 <./pics/flood10.pdf>] [57

] [58

]
LaTeX Font Info:    Try loading font information for U+msa on input line 700.

(/usr/local/texlive/2013/texmf-dist/tex/latex/amsfonts/umsa.fd
File: umsa.fd 2013/01/14 v3.01 AMS symbols A
)
LaTeX Font Info:    Try loading font information for U+msb on input line 700.

(/usr/local/texlive/2013/texmf-dist/tex/latex/amsfonts/umsb.fd
File: umsb.fd 2013/01/14 v3.01 AMS symbols B
) [59

] [60

]
<pics/gossip1.pdf, id=4509, 845.1575pt x 597.23125pt>
File: pics/gossip1.pdf Graphic file (type pdf)
 <use pics/gossip1.pdf>
Package pdftex.def Info: pics/gossip1.pdf used on input line 710.
(pdftex.def)             Requested size: 307.28987pt x 217.15375pt.

Overfull \vbox (8.74463pt too high) detected at line 710
 []

[61

 <./pics/gossip1.pdf>]
<pics/gossip2.pdf, id=4609, 845.1575pt x 597.23125pt>
File: pics/gossip2.pdf Graphic file (type pdf)
 <use pics/gossip2.pdf>
Package pdftex.def Info: pics/gossip2.pdf used on input line 720.
(pdftex.def)             Requested size: 307.28987pt x 217.15375pt.

Overfull \vbox (8.74463pt too high) detected at line 720
 []

[62

 <./pics/gossip2.pdf>]
<pics/gossip3.pdf, id=4722, 845.1575pt x 597.23125pt>
File: pics/gossip3.pdf Graphic file (type pdf)
 <use pics/gossip3.pdf>
Package pdftex.def Info: pics/gossip3.pdf used on input line 730.
(pdftex.def)             Requested size: 307.28987pt x 217.15375pt.

Overfull \vbox (8.74463pt too high) detected at line 730
 []

[63

 <./pics/gossip3.pdf>]
<pics/gossip4.pdf, id=4836, 845.1575pt x 597.23125pt>
File: pics/gossip4.pdf Graphic file (type pdf)
 <use pics/gossip4.pdf>
Package pdftex.def Info: pics/gossip4.pdf used on input line 740.
(pdftex.def)             Requested size: 307.28987pt x 217.15375pt.

Overfull \vbox (8.74463pt too high) detected at line 740
 []

[64

 <./pics/gossip4.pdf>]
<pics/gossip5.pdf, id=4950, 845.1575pt x 597.23125pt>
File: pics/gossip5.pdf Graphic file (type pdf)
 <use pics/gossip5.pdf>
Package pdftex.def Info: pics/gossip5.pdf used on input line 751.
(pdftex.def)             Requested size: 307.28987pt x 217.15375pt.

Overfull \vbox (8.74463pt too high) detected at line 751
 []

[65

 <./pics/gossip5.pdf>]
<pics/gossip6.pdf, id=5064, 845.1575pt x 597.23125pt>
File: pics/gossip6.pdf Graphic file (type pdf)
 <use pics/gossip6.pdf>
Package pdftex.def Info: pics/gossip6.pdf used on input line 762.
(pdftex.def)             Requested size: 307.28987pt x 217.15375pt.

Overfull \vbox (8.74463pt too high) detected at line 762
 []

[66

 <./pics/gossip6.pdf>]
<pics/gossip7.pdf, id=5177, 845.1575pt x 597.23125pt>
File: pics/gossip7.pdf Graphic file (type pdf)
 <use pics/gossip7.pdf>
Package pdftex.def Info: pics/gossip7.pdf used on input line 773.
(pdftex.def)             Requested size: 307.28987pt x 217.15375pt.

Overfull \vbox (8.74463pt too high) detected at line 773
 []

[67

 <./pics/gossip7.pdf>]
<pics/gossip8.pdf, id=5292, 845.1575pt x 597.23125pt>
File: pics/gossip8.pdf Graphic file (type pdf)
 <use pics/gossip8.pdf>
Package pdftex.def Info: pics/gossip8.pdf used on input line 784.
(pdftex.def)             Requested size: 307.28987pt x 217.15375pt.

Overfull \vbox (8.74463pt too high) detected at line 784
 []

[68

 <./pics/gossip8.pdf>]
<pics/gossip9.pdf, id=5406, 845.1575pt x 597.23125pt>
File: pics/gossip9.pdf Graphic file (type pdf)
 <use pics/gossip9.pdf>
Package pdftex.def Info: pics/gossip9.pdf used on input line 795.
(pdftex.def)             Requested size: 307.28987pt x 217.15375pt.

Overfull \vbox (8.74463pt too high) detected at line 795
 []

[69

 <./pics/gossip9.pdf>]
<pics/gossip10.pdf, id=5520, 845.1575pt x 597.23125pt>
File: pics/gossip10.pdf Graphic file (type pdf)
 <use pics/gossip10.pdf>
Package pdftex.def Info: pics/gossip10.pdf used on input line 806.
(pdftex.def)             Requested size: 307.28987pt x 217.15375pt.

Overfull \vbox (8.74463pt too high) detected at line 806
 []

[70

 <./pics/gossip10.pdf>]
<pics/gossip11.pdf, id=5633, 845.1575pt x 597.23125pt>
File: pics/gossip11.pdf Graphic file (type pdf)
 <use pics/gossip11.pdf>
Package pdftex.def Info: pics/gossip11.pdf used on input line 817.
(pdftex.def)             Requested size: 307.28987pt x 217.15375pt.

Overfull \vbox (8.74463pt too high) detected at line 817
 []

[71

 <./pics/gossip11.pdf>]
<pics/gossip12.pdf, id=5747, 845.1575pt x 597.23125pt>
File: pics/gossip12.pdf Graphic file (type pdf)
 <use pics/gossip12.pdf>
Package pdftex.def Info: pics/gossip12.pdf used on input line 828.
(pdftex.def)             Requested size: 307.28987pt x 217.15375pt.

Overfull \vbox (8.74463pt too high) detected at line 828
 []

[72

 <./pics/gossip12.pdf>] [73

] [74

] [75

] [76

] [77

] [78

] [79

] [80

]
<pics/floodtree1.pdf, id=6063, 845.1575pt x 597.23125pt>
File: pics/floodtree1.pdf Graphic file (type pdf)

<use pics/floodtree1.pdf>
Package pdftex.def Info: pics/floodtree1.pdf used on input line 927.
(pdftex.def)             Requested size: 307.28987pt x 217.15375pt.

Overfull \vbox (8.74463pt too high) detected at line 927
 []

[81

 <./pics/floodtree1.pdf>]
<pics/floodtree2.pdf, id=6161, 845.1575pt x 597.23125pt>
File: pics/floodtree2.pdf Graphic file (type pdf)

<use pics/floodtree2.pdf>
Package pdftex.def Info: pics/floodtree2.pdf used on input line 938.
(pdftex.def)             Requested size: 307.28987pt x 217.15375pt.

Overfull \vbox (8.74463pt too high) detected at line 938
 []

[82

 <./pics/floodtree2.pdf>]
<pics/floodtree3.pdf, id=6260, 845.1575pt x 597.23125pt>
File: pics/floodtree3.pdf Graphic file (type pdf)

<use pics/floodtree3.pdf>
Package pdftex.def Info: pics/floodtree3.pdf used on input line 949.
(pdftex.def)             Requested size: 307.28987pt x 217.15375pt.

Overfull \vbox (8.74463pt too high) detected at line 949
 []

[83

 <./pics/floodtree3.pdf>]
<pics/floodtree4.pdf, id=6359, 845.1575pt x 597.23125pt>
File: pics/floodtree4.pdf Graphic file (type pdf)

<use pics/floodtree4.pdf>
Package pdftex.def Info: pics/floodtree4.pdf used on input line 960.
(pdftex.def)             Requested size: 307.28987pt x 217.15375pt.

Overfull \vbox (8.74463pt too high) detected at line 960
 []

[84

 <./pics/floodtree4.pdf>]
<pics/floodtree5.pdf, id=6457, 845.1575pt x 597.23125pt>
File: pics/floodtree5.pdf Graphic file (type pdf)

<use pics/floodtree5.pdf>
Package pdftex.def Info: pics/floodtree5.pdf used on input line 971.
(pdftex.def)             Requested size: 307.28987pt x 217.15375pt.

Overfull \vbox (8.74463pt too high) detected at line 971
 []

[85

 <./pics/floodtree5.pdf>]
<pics/gossiptree1.pdf, id=6557, 845.1575pt x 597.23125pt>
File: pics/gossiptree1.pdf Graphic file (type pdf)

<use pics/gossiptree1.pdf>
Package pdftex.def Info: pics/gossiptree1.pdf used on input line 982.
(pdftex.def)             Requested size: 307.28987pt x 217.15375pt.

Overfull \vbox (8.74463pt too high) detected at line 982
 []

[86

 <./pics/gossiptree1.pdf>]
<pics/gossiptree2.pdf, id=6671, 845.1575pt x 597.23125pt>
File: pics/gossiptree2.pdf Graphic file (type pdf)

<use pics/gossiptree2.pdf>
Package pdftex.def Info: pics/gossiptree2.pdf used on input line 993.
(pdftex.def)             Requested size: 307.28987pt x 217.15375pt.

Overfull \vbox (8.74463pt too high) detected at line 993
 []

[87

 <./pics/gossiptree2.pdf>]
<pics/gossiptree3.pdf, id=6784, 845.1575pt x 597.23125pt>
File: pics/gossiptree3.pdf Graphic file (type pdf)

<use pics/gossiptree3.pdf>
Package pdftex.def Info: pics/gossiptree3.pdf used on input line 1004.
(pdftex.def)             Requested size: 307.28987pt x 217.15375pt.

Overfull \vbox (8.74463pt too high) detected at line 1004
 []

[88

 <./pics/gossiptree3.pdf>]
<pics/gossiptree4.pdf, id=6898, 845.1575pt x 597.23125pt>
File: pics/gossiptree4.pdf Graphic file (type pdf)

<use pics/gossiptree4.pdf>
Package pdftex.def Info: pics/gossiptree4.pdf used on input line 1016.
(pdftex.def)             Requested size: 307.28987pt x 217.15375pt.

Overfull \vbox (8.74463pt too high) detected at line 1016
 []

[89

 <./pics/gossiptree4.pdf>]
<pics/gossiptree5.pdf, id=7012, 845.1575pt x 597.23125pt>
File: pics/gossiptree5.pdf Graphic file (type pdf)

<use pics/gossiptree5.pdf>
Package pdftex.def Info: pics/gossiptree5.pdf used on input line 1028.
(pdftex.def)             Requested size: 307.28987pt x 217.15375pt.

Overfull \vbox (8.74463pt too high) detected at line 1028
 []

[90

 <./pics/gossiptree5.pdf>] [91

] [92

]

LaTeX Font Warning: Font shape `OT1/cmss/bx/it' undefined
(Font)              using `OT1/cmss/bx/n' instead on input line 1071.

<photos/jop.jpg, id=7175, 200.75pt x 198.7425pt>
File: photos/jop.jpg Graphic file (type jpg)
 <use photos/jop.jpg>
Package pdftex.def Info: photos/jop.jpg used on input line 1071.
(pdftex.def)             Requested size: 200.7495pt x 198.742pt.

<photos/ler.jpg, id=7176, 61.32626pt x 82.59428pt>
File: photos/ler.jpg Graphic file (type jpg)
 <use photos/ler.jpg>
Package pdftex.def Info: photos/ler.jpg used on input line 1071.
(pdftex.def)             Requested size: 61.32611pt x 82.59407pt.

[93

 <./photos/jop.jpg> <./photos/ler.jpg>] [94

] [95

] [96

] [97

] [98

] [99

]
[100

] [101

] <exemplo/img1.jpg, id=7406, 715.17188pt x 535.2497pt>
File: exemplo/img1.jpg Graphic file (type jpg)

<use exemplo/img1.jpg>
Package pdftex.def Info: exemplo/img1.jpg used on input line 1146.
(pdftex.def)             Requested size: 276.559pt x 206.9824pt.
 [102

 <./exemplo/img1.jpg>]
<exemplo/img2.jpg, id=7433, 715.17188pt x 535.2497pt>
File: exemplo/img2.jpg Graphic file (type jpg)
 <use exemplo/img2.jpg>
Package pdftex.def Info: exemplo/img2.jpg used on input line 1157.
(pdftex.def)             Requested size: 276.559pt x 206.9824pt.

[103

 <./exemplo/img2.jpg>]
<exemplo/img3.jpg, id=7460, 715.17188pt x 535.2497pt>
File: exemplo/img3.jpg Graphic file (type jpg)
 <use exemplo/img3.jpg>
Package pdftex.def Info: exemplo/img3.jpg used on input line 1168.
(pdftex.def)             Requested size: 276.559pt x 206.9824pt.

[104

 <./exemplo/img3.jpg>]
<exemplo/img4.jpg, id=7486, 715.17188pt x 535.2497pt>
File: exemplo/img4.jpg Graphic file (type jpg)
 <use exemplo/img4.jpg>
Package pdftex.def Info: exemplo/img4.jpg used on input line 1179.
(pdftex.def)             Requested size: 276.559pt x 206.9824pt.

[105

 <./exemplo/img4.jpg>]
<exemplo/img5.jpg, id=7512, 715.17188pt x 535.2497pt>
File: exemplo/img5.jpg Graphic file (type jpg)
 <use exemplo/img5.jpg>
Package pdftex.def Info: exemplo/img5.jpg used on input line 1190.
(pdftex.def)             Requested size: 276.559pt x 206.9824pt.

[106

 <./exemplo/img5.jpg>]
<exemplo/img6.jpg, id=7539, 715.17188pt x 535.2497pt>
File: exemplo/img6.jpg Graphic file (type jpg)
 <use exemplo/img6.jpg>
Package pdftex.def Info: exemplo/img6.jpg used on input line 1201.
(pdftex.def)             Requested size: 276.559pt x 206.9824pt.

[107

 <./exemplo/img6.jpg>]
<exemplo/img7.jpg, id=7565, 715.17188pt x 535.2497pt>
File: exemplo/img7.jpg Graphic file (type jpg)
 <use exemplo/img7.jpg>
Package pdftex.def Info: exemplo/img7.jpg used on input line 1212.
(pdftex.def)             Requested size: 276.559pt x 206.9824pt.

[108

 <./exemplo/img7.jpg>]
<exemplo/img8.jpg, id=7591, 715.17188pt x 535.2497pt>
File: exemplo/img8.jpg Graphic file (type jpg)
 <use exemplo/img8.jpg>
Package pdftex.def Info: exemplo/img8.jpg used on input line 1223.
(pdftex.def)             Requested size: 276.559pt x 206.9824pt.

[109

 <./exemplo/img8.jpg>]
<exemplo/img9.jpg, id=7618, 715.17188pt x 535.2497pt>
File: exemplo/img9.jpg Graphic file (type jpg)
 <use exemplo/img9.jpg>
Package pdftex.def Info: exemplo/img9.jpg used on input line 1234.
(pdftex.def)             Requested size: 276.559pt x 206.9824pt.

[110

 <./exemplo/img9.jpg>]
<exemplo/img10.jpg, id=7644, 715.17188pt x 535.2497pt>
File: exemplo/img10.jpg Graphic file (type jpg)
 <use exemplo/img10.jpg>
Package pdftex.def Info: exemplo/img10.jpg used on input line 1245.
(pdftex.def)             Requested size: 276.559pt x 206.9824pt.

[111

 <./exemplo/img10.jpg>] [112

] [113

] [114

] [115

] [116

] [117

]
<pics/redundancy_stable.pdf, id=7824, 351.61362pt x 245.06555pt>
File: pics/redundancy_stable.pdf Graphic file (type pdf)

<use pics/redundancy_stable.pdf>
Package pdftex.def Info: pics/redundancy_stable.pdf used on input line 1374.
(pdftex.def)             Requested size: 307.28987pt x 214.18127pt.

Overfull \vbox (5.77216pt too high) detected at line 1374
 []

[118

 <./pics/redundancy_stable.pdf>]
<pics/max_hop_stable.pdf, id=7893, 351.61362pt x 247.52475pt>
File: pics/max_hop_stable.pdf Graphic file (type pdf)

<use pics/max_hop_stable.pdf>
Package pdftex.def Info: pics/max_hop_stable.pdf used on input line 1384.
(pdftex.def)             Requested size: 307.28987pt x 216.33057pt.

Overfull \vbox (7.92145pt too high) detected at line 1384
 []

[119

 <./pics/max_hop_stable.pdf>]
<pics/reliability_agg.pdf, id=7964, 351.61362pt x 247.52475pt>
File: pics/reliability_agg.pdf Graphic file (type pdf)

<use pics/reliability_agg.pdf>
Package pdftex.def Info: pics/reliability_agg.pdf used on input line 1394.
(pdftex.def)             Requested size: 307.28987pt x 216.33057pt.

Overfull \vbox (7.92145pt too high) detected at line 1394
 []

[120

 <./pics/reliability_agg.pdf>] (./RICON2014.toc) [121

] [122

] [123

] [124

]
[125

] [126

] (./RICON2014.toc) [127

] [128

] [129

] [130

] [131

] [132

] [133

]
(./RICON2014.toc) [134

] [135

] [136

]
<pics/nobalance1.pdf, id=8475, 845.1575pt x 597.23125pt>
File: pics/nobalance1.pdf Graphic file (type pdf)

<use pics/nobalance1.pdf>
Package pdftex.def Info: pics/nobalance1.pdf used on input line 1611.
(pdftex.def)             Requested size: 307.28987pt x 217.15375pt.

Overfull \vbox (8.74463pt too high) detected at line 1611
 []

[137

 <./pics/nobalance1.pdf>]
<pics/nobalance2.pdf, id=8566, 845.1575pt x 597.23125pt>
File: pics/nobalance2.pdf Graphic file (type pdf)

<use pics/nobalance2.pdf>
Package pdftex.def Info: pics/nobalance2.pdf used on input line 1622.
(pdftex.def)             Requested size: 307.28987pt x 217.15375pt.

Overfull \vbox (8.74463pt too high) detected at line 1622
 []

[138

 <./pics/nobalance2.pdf>]
<pics/nobalance3.pdf, id=8656, 845.1575pt x 597.23125pt>
File: pics/nobalance3.pdf Graphic file (type pdf)

<use pics/nobalance3.pdf>
Package pdftex.def Info: pics/nobalance3.pdf used on input line 1633.
(pdftex.def)             Requested size: 307.28987pt x 217.15375pt.

Overfull \vbox (8.74463pt too high) detected at line 1633
 []

[139

 <./pics/nobalance3.pdf>]
<pics/nobalance4.pdf, id=8756, 845.1575pt x 597.23125pt>
File: pics/nobalance4.pdf Graphic file (type pdf)

<use pics/nobalance4.pdf>
Package pdftex.def Info: pics/nobalance4.pdf used on input line 1644.
(pdftex.def)             Requested size: 307.28987pt x 217.15375pt.

Overfull \vbox (8.74463pt too high) detected at line 1644
 []

[140

 <./pics/nobalance4.pdf>] [141

]
Overfull \vbox (100.2704pt too high) detected at line 1674
 []

[142

 <./figs/nuts/nuts1.pdf>]
Overfull \vbox (100.2704pt too high) detected at line 1674
 []

[143

 <./figs/nuts/nuts2.pdf>]
Overfull \vbox (100.2704pt too high) detected at line 1674
 []

[144

 <./figs/nuts/nuts3.pdf>]
Overfull \hbox (5.69041pt too wide) in paragraph at lines 1690--1690
[][][]  
 []


Overfull \vbox (33.11824pt too high) detected at line 1690
 []

[145

 <./figs/bolts/bolts1.pdf> <./figs/bolts/bolts2.pdf>]
Overfull \hbox (5.69041pt too wide) in paragraph at lines 1690--1690
[][][]  
 []


Overfull \vbox (33.11824pt too high) detected at line 1690
 []

[146

 <./figs/bolts/bolts3.pdf> <./figs/bolts/bolts4.pdf>] [147

 <./figs/motivation/interior.pdf>] [148

] (./RICON2014.toc) [149

]
<photos/mf.jpg, id=9583, 285.065pt x 300.12125pt>
File: photos/mf.jpg Graphic file (type jpg)
 <use photos/mf.jpg>
Package pdftex.def Info: photos/mf.jpg used on input line 1755.
(pdftex.def)             Requested size: 285.0643pt x 300.12051pt.
File: photos/ler.jpg Graphic file (type jpg)

<use photos/ler.jpg>
Package pdftex.def Info: photos/ler.jpg used on input line 1755.
(pdftex.def)             Requested size: 61.32611pt x 82.59407pt.
 [150

 <./photos/mf.jpg>] [151

] [152

] [153

] [154

] [155

]
[156

] [157

 <./figs/interior.pdf>] [158

 <./figs/reliabilityr.pdf>]
(./RICON2014.toc) [159

] [160

] [161

] [162

] (./RICON2014.toc) [163

] [164

]
[165

] [166

] (./RICON2014.toc) [167

] [168

] [169

] [170

] [171

]
\tf@nav=\write6
\openout6 = `RICON2014.nav'.

\tf@toc=\write7
\openout7 = `RICON2014.toc'.

\tf@snm=\write8
\openout8 = `RICON2014.snm'.

Package atveryend Info: Empty hook `BeforeClearDocument' on input line 1958.
Package atveryend Info: Empty hook `AfterLastShipout' on input line 1958.
 (./RICON2014.aux)
Package atveryend Info: Executing hook `AtVeryEndDocument' on input line 1958.
Package atveryend Info: Executing hook `AtEndAfterFileList' on input line 1958.

Package rerunfilecheck Info: File `RICON2014.out' has not changed.
(rerunfilecheck)             Checksum: 48819C1B44B6E8DBA7473C541C82485C;2290.


LaTeX Font Warning: Size substitutions with differences
(Font)              up to 1.0pt have occurred.


LaTeX Font Warning: Some font shapes were not available, defaults substituted.

Package atveryend Info: Empty hook `AtVeryVeryEnd' on input line 1958.
 ) 
Here is how much of TeX's memory you used:
 18636 strings out of 493315
 338176 string characters out of 6137905
 416890 words of memory out of 5000000
 21183 multiletter control sequences out of 15000+600000
 12425 words of font info for 45 fonts, out of 8000000 for 9000
 957 hyphenation exceptions out of 8191
 49i,15n,53p,398b,615s stack positions out of 5000i,500n,10000p,200000b,80000s
</usr/local/texlive/2013/texmf-dist/fonts/type1/public/amsfonts/cm/cmmi10.pfb
></usr/local/texlive/2013/texmf-dist/fonts/type1/public/amsfonts/cm/cmss10.pfb>
</usr/local/texlive/2013/texmf-dist/fonts/type1/public/amsfonts/cm/cmss12.pfb><
/usr/local/texlive/2013/texmf-dist/fonts/type1/public/amsfonts/cm/cmss17.pfb></
usr/local/texlive/2013/texmf-dist/fonts/type1/public/amsfonts/cm/cmss8.pfb></us
r/local/texlive/2013/texmf-dist/fonts/type1/public/amsfonts/cm/cmss9.pfb></usr/
local/texlive/2013/texmf-dist/fonts/type1/public/amsfonts/cm/cmssbx10.pfb></usr
/local/texlive/2013/texmf-dist/fonts/type1/public/amsfonts/cm/cmssi10.pfb></usr
/local/texlive/2013/texmf-dist/fonts/type1/public/amsfonts/cm/cmsy10.pfb>
Output written on RICON2014.pdf (171 pages, 7404747 bytes).
PDF statistics:
 10297 PDF objects out of 10688 (max. 8388607)
 7469 compressed objects within 75 object streams
 375 named destinations out of 1000 (max. 500000)
 739 words of extra memory for PDF output out of 10000 (max. 10000000)

